{"D:\\FinalKey\\NodeJS\\ECOMM\\app.js": {"path":"D:\\FinalKey\\NodeJS\\ECOMM\\app.js","statementMap":{"0":{"start":{"line":1,"column":16},"end":{"line":1,"column":34}},"1":{"start":{"line":2,"column":17},"end":{"line":2,"column":39}},"2":{"start":{"line":3,"column":19},"end":{"line":3,"column":55}},"3":{"start":{"line":5,"column":15},"end":{"line":5,"column":40}},"4":{"start":{"line":7,"column":7},"end":{"line":7,"column":25}},"5":{"start":{"line":8,"column":17},"end":{"line":8,"column":26}},"6":{"start":{"line":10,"column":0},"end":{"line":10,"column":34}},"7":{"start":{"line":11,"column":0},"end":{"line":11,"column":23}},"8":{"start":{"line":13,"column":0},"end":{"line":13,"column":34}},"9":{"start":{"line":14,"column":0},"end":{"line":16,"column":3}},"10":{"start":{"line":15,"column":4},"end":{"line":15,"column":11}},"11":{"start":{"line":18,"column":9},"end":{"line":24,"column":1}},"12":{"start":{"line":21,"column":2},"end":{"line":21,"column":21}},"13":{"start":{"line":22,"column":2},"end":{"line":22,"column":19}},"14":{"start":{"line":23,"column":2},"end":{"line":23,"column":16}},"15":{"start":{"line":25,"column":21},"end":{"line":42,"column":1}},"16":{"start":{"line":27,"column":4},"end":{"line":41,"column":7}},"17":{"start":{"line":43,"column":19},"end":{"line":77,"column":1}},"18":{"start":{"line":45,"column":4},"end":{"line":76,"column":7}},"19":{"start":{"line":78,"column":16},"end":{"line":100,"column":1}},"20":{"start":{"line":80,"column":0},"end":{"line":89,"column":3}},"21":{"start":{"line":102,"column":0},"end":{"line":102,"column":26}}},"fnMap":{"0":{"name":"(anonymous_0)","decl":{"start":{"line":14,"column":38},"end":{"line":14,"column":39}},"loc":{"start":{"line":14,"column":42},"end":{"line":16,"column":1}},"line":14},"1":{"name":"(anonymous_1)","decl":{"start":{"line":18,"column":9},"end":{"line":18,"column":10}},"loc":{"start":{"line":19,"column":0},"end":{"line":24,"column":1}},"line":19},"2":{"name":"(anonymous_2)","decl":{"start":{"line":25,"column":21},"end":{"line":25,"column":22}},"loc":{"start":{"line":26,"column":0},"end":{"line":42,"column":1}},"line":26},"3":{"name":"(anonymous_3)","decl":{"start":{"line":43,"column":19},"end":{"line":43,"column":20}},"loc":{"start":{"line":44,"column":0},"end":{"line":77,"column":1}},"line":44},"4":{"name":"(anonymous_4)","decl":{"start":{"line":78,"column":16},"end":{"line":78,"column":17}},"loc":{"start":{"line":78,"column":25},"end":{"line":100,"column":1}},"line":78}},"branchMap":{},"s":{"0":1,"1":1,"2":1,"3":1,"4":1,"5":1,"6":1,"7":1,"8":1,"9":1,"10":0,"11":1,"12":0,"13":0,"14":0,"15":1,"16":0,"17":1,"18":0,"19":1,"20":0,"21":1},"f":{"0":0,"1":0,"2":0,"3":0,"4":0},"b":{},"_coverageSchema":"1a1c01bbd47fc00a2c39e90264f33305004495a9","hash":"42673afdf0538e5dff2052e3258982b68b0fcd1a"}
,"D:\\FinalKey\\NodeJS\\ECOMM\\config\\auth.config.js": {"path":"D:\\FinalKey\\NodeJS\\ECOMM\\config\\auth.config.js","statementMap":{"0":{"start":{"line":1,"column":0},"end":{"line":3,"column":2}}},"fnMap":{},"branchMap":{},"s":{"0":1},"f":{},"b":{},"_coverageSchema":"1a1c01bbd47fc00a2c39e90264f33305004495a9","hash":"c4dafe1d03ca3c6358bac8e2eb3a1515db9388c8"}
,"D:\\FinalKey\\NodeJS\\ECOMM\\config\\db.Config.js": {"path":"D:\\FinalKey\\NodeJS\\ECOMM\\config\\db.Config.js","statementMap":{"0":{"start":{"line":1,"column":26},"end":{"line":13,"column":1}},"1":{"start":{"line":14,"column":19},"end":{"line":26,"column":1}},"2":{"start":{"line":27,"column":0},"end":{"line":30,"column":2}}},"fnMap":{},"branchMap":{},"s":{"0":3,"1":3,"2":3},"f":{},"b":{},"_coverageSchema":"1a1c01bbd47fc00a2c39e90264f33305004495a9","hash":"1828be0494ae5869270141fef35a6dee5a169725"}
,"D:\\FinalKey\\NodeJS\\ECOMM\\controller\\auth.controller.js": {"path":"D:\\FinalKey\\NodeJS\\ECOMM\\controller\\auth.controller.js","statementMap":{"0":{"start":{"line":1,"column":9},"end":{"line":1,"column":30}},"1":{"start":{"line":2,"column":13},"end":{"line":2,"column":47}},"2":{"start":{"line":4,"column":10},"end":{"line":4,"column":33}},"3":{"start":{"line":5,"column":13},"end":{"line":5,"column":32}},"4":{"start":{"line":6,"column":11},"end":{"line":36,"column":1}},"5":{"start":{"line":7,"column":17},"end":{"line":7,"column":34}},"6":{"start":{"line":8,"column":14},"end":{"line":8,"column":28}},"7":{"start":{"line":9,"column":17},"end":{"line":9,"column":34}},"8":{"start":{"line":10,"column":13},"end":{"line":16,"column":5}},"9":{"start":{"line":17,"column":4},"end":{"line":35,"column":5}},"10":{"start":{"line":19,"column":18},"end":{"line":23,"column":10}},"11":{"start":{"line":24,"column":8},"end":{"line":24,"column":35}},"12":{"start":{"line":25,"column":8},"end":{"line":27,"column":11}},"13":{"start":{"line":31,"column":8},"end":{"line":31,"column":33}},"14":{"start":{"line":32,"column":8},"end":{"line":34,"column":12}},"15":{"start":{"line":37,"column":11},"end":{"line":72,"column":1}},"16":{"start":{"line":38,"column":13},"end":{"line":38,"column":30}},"17":{"start":{"line":39,"column":13},"end":{"line":39,"column":30}},"18":{"start":{"line":40,"column":13},"end":{"line":42,"column":2}},"19":{"start":{"line":43,"column":0},"end":{"line":50,"column":1}},"20":{"start":{"line":46,"column":4},"end":{"line":48,"column":7}},"21":{"start":{"line":49,"column":4},"end":{"line":49,"column":11}},"22":{"start":{"line":51,"column":20},"end":{"line":51,"column":66}},"23":{"start":{"line":52,"column":0},"end":{"line":59,"column":1}},"24":{"start":{"line":55,"column":4},"end":{"line":57,"column":7}},"25":{"start":{"line":58,"column":4},"end":{"line":58,"column":12}},"26":{"start":{"line":60,"column":10},"end":{"line":60,"column":68}},"27":{"start":{"line":61,"column":16},"end":{"line":61,"column":18}},"28":{"start":{"line":62,"column":10},"end":{"line":62,"column":35}},"29":{"start":{"line":63,"column":0},"end":{"line":64,"column":58}},"30":{"start":{"line":63,"column":10},"end":{"line":63,"column":11}},"31":{"start":{"line":64,"column":4},"end":{"line":64,"column":58}},"32":{"start":{"line":65,"column":0},"end":{"line":71,"column":3}},"33":{"start":{"line":73,"column":8},"end":{"line":73,"column":24}},"34":{"start":{"line":74,"column":0},"end":{"line":74,"column":19}}},"fnMap":{"0":{"name":"(anonymous_0)","decl":{"start":{"line":6,"column":11},"end":{"line":6,"column":12}},"loc":{"start":{"line":6,"column":27},"end":{"line":36,"column":1}},"line":6},"1":{"name":"(anonymous_1)","decl":{"start":{"line":37,"column":11},"end":{"line":37,"column":12}},"loc":{"start":{"line":37,"column":27},"end":{"line":72,"column":1}},"line":37}},"branchMap":{"0":{"loc":{"start":{"line":17,"column":4},"end":{"line":35,"column":5}},"type":"if","locations":[{"start":{"line":17,"column":4},"end":{"line":35,"column":5}},{"start":{"line":30,"column":4},"end":{"line":35,"column":5}}],"line":17},"1":{"loc":{"start":{"line":43,"column":0},"end":{"line":50,"column":1}},"type":"if","locations":[{"start":{"line":43,"column":0},"end":{"line":50,"column":1}},{"start":{},"end":{}}],"line":43},"2":{"loc":{"start":{"line":52,"column":0},"end":{"line":59,"column":1}},"type":"if","locations":[{"start":{"line":52,"column":0},"end":{"line":59,"column":1}},{"start":{},"end":{}}],"line":52}},"s":{"0":1,"1":1,"2":1,"3":1,"4":1,"5":0,"6":0,"7":0,"8":0,"9":0,"10":0,"11":0,"12":0,"13":0,"14":0,"15":1,"16":0,"17":0,"18":0,"19":0,"20":0,"21":0,"22":0,"23":0,"24":0,"25":0,"26":0,"27":0,"28":0,"29":0,"30":0,"31":0,"32":0,"33":1,"34":1},"f":{"0":0,"1":0},"b":{"0":[0,0],"1":[0,0],"2":[0,0]},"_coverageSchema":"1a1c01bbd47fc00a2c39e90264f33305004495a9","hash":"c8306c3b90f2c4528ad143b290af4bbd43b0a093"}
,"D:\\FinalKey\\NodeJS\\ECOMM\\controller\\cart.controller.js": {"path":"D:\\FinalKey\\NodeJS\\ECOMM\\controller\\cart.controller.js","statementMap":{"0":{"start":{"line":1,"column":9},"end":{"line":1,"column":36}},"1":{"start":{"line":2,"column":15},"end":{"line":16,"column":1}},"2":{"start":{"line":3,"column":15},"end":{"line":3,"column":23}},"3":{"start":{"line":4,"column":4},"end":{"line":15,"column":5}},"4":{"start":{"line":5,"column":8},"end":{"line":5,"column":35}},"5":{"start":{"line":6,"column":8},"end":{"line":8,"column":11}},"6":{"start":{"line":12,"column":8},"end":{"line":14,"column":11}},"7":{"start":{"line":17,"column":15},"end":{"line":49,"column":1}},"8":{"start":{"line":18,"column":15},"end":{"line":18,"column":32}},"9":{"start":{"line":19,"column":21},"end":{"line":19,"column":51}},"10":{"start":{"line":20,"column":4},"end":{"line":48,"column":58}},"11":{"start":{"line":22,"column":26},"end":{"line":24,"column":10}},"12":{"start":{"line":25,"column":8},"end":{"line":46,"column":9}},"13":{"start":{"line":27,"column":12},"end":{"line":27,"column":58}},"14":{"start":{"line":28,"column":12},"end":{"line":28,"column":41}},"15":{"start":{"line":29,"column":26},"end":{"line":29,"column":27}},"16":{"start":{"line":30,"column":33},"end":{"line":30,"column":35}},"17":{"start":{"line":31,"column":25},"end":{"line":31,"column":57}},"18":{"start":{"line":32,"column":12},"end":{"line":40,"column":13}},"19":{"start":{"line":32,"column":22},"end":{"line":32,"column":23}},"20":{"start":{"line":34,"column":16},"end":{"line":34,"column":45}},"21":{"start":{"line":35,"column":16},"end":{"line":39,"column":19}},"22":{"start":{"line":41,"column":12},"end":{"line":45,"column":15}},"23":{"start":{"line":48,"column":9},"end":{"line":48,"column":58}},"24":{"start":{"line":50,"column":12},"end":{"line":69,"column":1}},"25":{"start":{"line":51,"column":13},"end":{"line":51,"column":54}},"26":{"start":{"line":52,"column":18},"end":{"line":52,"column":19}},"27":{"start":{"line":53,"column":25},"end":{"line":53,"column":27}},"28":{"start":{"line":54,"column":17},"end":{"line":54,"column":41}},"29":{"start":{"line":55,"column":4},"end":{"line":63,"column":5}},"30":{"start":{"line":55,"column":14},"end":{"line":55,"column":15}},"31":{"start":{"line":57,"column":8},"end":{"line":57,"column":37}},"32":{"start":{"line":58,"column":8},"end":{"line":62,"column":11}},"33":{"start":{"line":64,"column":4},"end":{"line":68,"column":7}},"34":{"start":{"line":70,"column":0},"end":{"line":74,"column":2}}},"fnMap":{"0":{"name":"(anonymous_0)","decl":{"start":{"line":2,"column":15},"end":{"line":2,"column":16}},"loc":{"start":{"line":2,"column":36},"end":{"line":16,"column":1}},"line":2},"1":{"name":"(anonymous_1)","decl":{"start":{"line":17,"column":15},"end":{"line":17,"column":16}},"loc":{"start":{"line":17,"column":36},"end":{"line":49,"column":1}},"line":17},"2":{"name":"(anonymous_2)","decl":{"start":{"line":50,"column":12},"end":{"line":50,"column":13}},"loc":{"start":{"line":50,"column":33},"end":{"line":69,"column":1}},"line":50}},"branchMap":{"0":{"loc":{"start":{"line":20,"column":4},"end":{"line":48,"column":58}},"type":"if","locations":[{"start":{"line":20,"column":4},"end":{"line":48,"column":58}},{"start":{"line":48,"column":9},"end":{"line":48,"column":58}}],"line":20},"1":{"loc":{"start":{"line":25,"column":8},"end":{"line":46,"column":9}},"type":"if","locations":[{"start":{"line":25,"column":8},"end":{"line":46,"column":9}},{"start":{},"end":{}}],"line":25}},"s":{"0":1,"1":1,"2":0,"3":0,"4":0,"5":0,"6":0,"7":1,"8":0,"9":0,"10":0,"11":0,"12":0,"13":0,"14":0,"15":0,"16":0,"17":0,"18":0,"19":0,"20":0,"21":0,"22":0,"23":0,"24":1,"25":0,"26":0,"27":0,"28":0,"29":0,"30":0,"31":0,"32":0,"33":0,"34":1},"f":{"0":0,"1":0,"2":0},"b":{"0":[0,0],"1":[0,0]},"_coverageSchema":"1a1c01bbd47fc00a2c39e90264f33305004495a9","hash":"9a62e3ae38eb0cedc437a9a34f43184bb16c24c3"}
,"D:\\FinalKey\\NodeJS\\ECOMM\\controller\\category.controller.js": {"path":"D:\\FinalKey\\NodeJS\\ECOMM\\controller\\category.controller.js","statementMap":{"0":{"start":{"line":1,"column":7},"end":{"line":1,"column":28}},"1":{"start":{"line":2,"column":22},"end":{"line":2,"column":54}},"2":{"start":{"line":4,"column":21},"end":{"line":9,"column":1}},"3":{"start":{"line":6,"column":19},"end":{"line":6,"column":48}},"4":{"start":{"line":8,"column":4},"end":{"line":8,"column":37}},"5":{"start":{"line":11,"column":20},"end":{"line":19,"column":1}},"6":{"start":{"line":13,"column":11},"end":{"line":13,"column":32}},"7":{"start":{"line":14,"column":4},"end":{"line":14,"column":50}},"8":{"start":{"line":14,"column":12},"end":{"line":14,"column":49}},"9":{"start":{"line":15,"column":19},"end":{"line":17,"column":6}},"10":{"start":{"line":18,"column":4},"end":{"line":18,"column":37}},"11":{"start":{"line":20,"column":19},"end":{"line":36,"column":1}},"12":{"start":{"line":22,"column":17},"end":{"line":22,"column":25}},"13":{"start":{"line":23,"column":8},"end":{"line":25,"column":11}},"14":{"start":{"line":26,"column":8},"end":{"line":26,"column":43}},"15":{"start":{"line":37,"column":23},"end":{"line":45,"column":1}},"16":{"start":{"line":39,"column":11},"end":{"line":39,"column":32}},"17":{"start":{"line":40,"column":4},"end":{"line":42,"column":7}},"18":{"start":{"line":43,"column":4},"end":{"line":43,"column":45}},"19":{"start":{"line":44,"column":4},"end":{"line":44,"column":14}},"20":{"start":{"line":46,"column":23},"end":{"line":66,"column":1}},"21":{"start":{"line":55,"column":11},"end":{"line":55,"column":32}},"22":{"start":{"line":56,"column":25},"end":{"line":58,"column":5}},"23":{"start":{"line":59,"column":4},"end":{"line":62,"column":11}},"24":{"start":{"line":63,"column":23},"end":{"line":63,"column":55}},"25":{"start":{"line":64,"column":4},"end":{"line":64,"column":41}},"26":{"start":{"line":65,"column":4},"end":{"line":65,"column":14}},"27":{"start":{"line":67,"column":8},"end":{"line":73,"column":1}},"28":{"start":{"line":75,"column":0},"end":{"line":75,"column":18}}},"fnMap":{"0":{"name":"(anonymous_0)","decl":{"start":{"line":4,"column":21},"end":{"line":4,"column":22}},"loc":{"start":{"line":5,"column":0},"end":{"line":9,"column":1}},"line":5},"1":{"name":"(anonymous_1)","decl":{"start":{"line":11,"column":20},"end":{"line":11,"column":21}},"loc":{"start":{"line":12,"column":0},"end":{"line":19,"column":1}},"line":12},"2":{"name":"(anonymous_2)","decl":{"start":{"line":20,"column":19},"end":{"line":20,"column":20}},"loc":{"start":{"line":21,"column":0},"end":{"line":36,"column":1}},"line":21},"3":{"name":"(anonymous_3)","decl":{"start":{"line":37,"column":23},"end":{"line":37,"column":24}},"loc":{"start":{"line":38,"column":0},"end":{"line":45,"column":1}},"line":38},"4":{"name":"(anonymous_4)","decl":{"start":{"line":46,"column":23},"end":{"line":46,"column":24}},"loc":{"start":{"line":47,"column":0},"end":{"line":66,"column":1}},"line":47}},"branchMap":{"0":{"loc":{"start":{"line":14,"column":4},"end":{"line":14,"column":50}},"type":"if","locations":[{"start":{"line":14,"column":4},"end":{"line":14,"column":50}},{"start":{},"end":{}}],"line":14}},"s":{"0":2,"1":2,"2":2,"3":1,"4":1,"5":2,"6":0,"7":0,"8":0,"9":0,"10":0,"11":2,"12":0,"13":0,"14":0,"15":2,"16":0,"17":0,"18":0,"19":0,"20":2,"21":0,"22":0,"23":0,"24":0,"25":0,"26":0,"27":2,"28":2},"f":{"0":1,"1":0,"2":0,"3":0,"4":0},"b":{"0":[0,0]},"_coverageSchema":"1a1c01bbd47fc00a2c39e90264f33305004495a9","hash":"27489d428c9855f9ed4346fab7e9efbb876d641f"}
,"D:\\FinalKey\\NodeJS\\ECOMM\\controller\\product.controller.js": {"path":"D:\\FinalKey\\NodeJS\\ECOMM\\controller\\product.controller.js","statementMap":{"0":{"start":{"line":1,"column":7},"end":{"line":1,"column":28}},"1":{"start":{"line":2,"column":22},"end":{"line":2,"column":54}},"2":{"start":{"line":3,"column":11},"end":{"line":15,"column":1}},"3":{"start":{"line":4,"column":21},"end":{"line":4,"column":29}},"4":{"start":{"line":5,"column":4},"end":{"line":14,"column":5}},"5":{"start":{"line":6,"column":8},"end":{"line":6,"column":46}},"6":{"start":{"line":7,"column":8},"end":{"line":7,"column":43}},"7":{"start":{"line":11,"column":8},"end":{"line":13,"column":11}},"8":{"start":{"line":16,"column":19},"end":{"line":31,"column":1}},"9":{"start":{"line":19,"column":19},"end":{"line":19,"column":39}},"10":{"start":{"line":20,"column":17},"end":{"line":20,"column":35}},"11":{"start":{"line":20,"column":45},"end":{"line":20,"column":63}},"12":{"start":{"line":21,"column":17},"end":{"line":21,"column":19}},"13":{"start":{"line":22,"column":4},"end":{"line":27,"column":50}},"14":{"start":{"line":24,"column":8},"end":{"line":24,"column":57}},"15":{"start":{"line":26,"column":9},"end":{"line":27,"column":50}},"16":{"start":{"line":26,"column":31},"end":{"line":26,"column":89}},"17":{"start":{"line":27,"column":9},"end":{"line":27,"column":50}},"18":{"start":{"line":29,"column":4},"end":{"line":29,"column":39}},"19":{"start":{"line":30,"column":4},"end":{"line":30,"column":14}},"20":{"start":{"line":32,"column":21},"end":{"line":38,"column":1}},"21":{"start":{"line":34,"column":23},"end":{"line":36,"column":6}},"22":{"start":{"line":37,"column":4},"end":{"line":37,"column":26}},"23":{"start":{"line":39,"column":23},"end":{"line":52,"column":1}},"24":{"start":{"line":41,"column":25},"end":{"line":50,"column":5}},"25":{"start":{"line":51,"column":4},"end":{"line":51,"column":28}},"26":{"start":{"line":54,"column":19},"end":{"line":66,"column":1}},"27":{"start":{"line":56,"column":11},"end":{"line":56,"column":31}},"28":{"start":{"line":57,"column":4},"end":{"line":57,"column":50}},"29":{"start":{"line":57,"column":12},"end":{"line":57,"column":49}},"30":{"start":{"line":58,"column":17},"end":{"line":62,"column":6}},"31":{"start":{"line":63,"column":4},"end":{"line":63,"column":58}},"32":{"start":{"line":64,"column":4},"end":{"line":64,"column":40}},"33":{"start":{"line":65,"column":4},"end":{"line":65,"column":14}},"34":{"start":{"line":67,"column":18},"end":{"line":100,"column":1}},"35":{"start":{"line":79,"column":4},"end":{"line":99,"column":5}},"36":{"start":{"line":81,"column":20},"end":{"line":81,"column":28}},"37":{"start":{"line":82,"column":8},"end":{"line":86,"column":11}},"38":{"start":{"line":87,"column":8},"end":{"line":87,"column":43}},"39":{"start":{"line":92,"column":8},"end":{"line":92,"column":18}},"40":{"start":{"line":97,"column":8},"end":{"line":97,"column":18}},"41":{"start":{"line":101,"column":22},"end":{"line":109,"column":1}},"42":{"start":{"line":103,"column":11},"end":{"line":103,"column":31}},"43":{"start":{"line":104,"column":4},"end":{"line":106,"column":7}},"44":{"start":{"line":107,"column":4},"end":{"line":107,"column":44}},"45":{"start":{"line":108,"column":4},"end":{"line":108,"column":14}},"46":{"start":{"line":110,"column":22},"end":{"line":125,"column":1}},"47":{"start":{"line":112,"column":11},"end":{"line":112,"column":31}},"48":{"start":{"line":113,"column":24},"end":{"line":117,"column":5}},"49":{"start":{"line":118,"column":4},"end":{"line":121,"column":11}},"50":{"start":{"line":122,"column":22},"end":{"line":122,"column":49}},"51":{"start":{"line":123,"column":4},"end":{"line":123,"column":40}},"52":{"start":{"line":124,"column":4},"end":{"line":124,"column":14}},"53":{"start":{"line":126,"column":8},"end":{"line":133,"column":1}},"54":{"start":{"line":134,"column":0},"end":{"line":134,"column":18}}},"fnMap":{"0":{"name":"(anonymous_0)","decl":{"start":{"line":3,"column":11},"end":{"line":3,"column":12}},"loc":{"start":{"line":3,"column":32},"end":{"line":15,"column":1}},"line":3},"1":{"name":"(anonymous_1)","decl":{"start":{"line":16,"column":19},"end":{"line":16,"column":20}},"loc":{"start":{"line":17,"column":0},"end":{"line":31,"column":1}},"line":17},"2":{"name":"(anonymous_2)","decl":{"start":{"line":32,"column":21},"end":{"line":32,"column":22}},"loc":{"start":{"line":33,"column":0},"end":{"line":38,"column":1}},"line":33},"3":{"name":"(anonymous_3)","decl":{"start":{"line":39,"column":23},"end":{"line":39,"column":24}},"loc":{"start":{"line":40,"column":0},"end":{"line":52,"column":1}},"line":40},"4":{"name":"(anonymous_4)","decl":{"start":{"line":54,"column":19},"end":{"line":54,"column":20}},"loc":{"start":{"line":55,"column":0},"end":{"line":66,"column":1}},"line":55},"5":{"name":"(anonymous_5)","decl":{"start":{"line":67,"column":18},"end":{"line":67,"column":19}},"loc":{"start":{"line":68,"column":0},"end":{"line":100,"column":1}},"line":68},"6":{"name":"(anonymous_6)","decl":{"start":{"line":101,"column":22},"end":{"line":101,"column":23}},"loc":{"start":{"line":102,"column":0},"end":{"line":109,"column":1}},"line":102},"7":{"name":"(anonymous_7)","decl":{"start":{"line":110,"column":22},"end":{"line":110,"column":23}},"loc":{"start":{"line":111,"column":0},"end":{"line":125,"column":1}},"line":111}},"branchMap":{"0":{"loc":{"start":{"line":22,"column":4},"end":{"line":27,"column":50}},"type":"if","locations":[{"start":{"line":22,"column":4},"end":{"line":27,"column":50}},{"start":{"line":26,"column":9},"end":{"line":27,"column":50}}],"line":22},"1":{"loc":{"start":{"line":26,"column":9},"end":{"line":27,"column":50}},"type":"if","locations":[{"start":{"line":26,"column":9},"end":{"line":27,"column":50}},{"start":{"line":27,"column":9},"end":{"line":27,"column":50}}],"line":26},"2":{"loc":{"start":{"line":26,"column":12},"end":{"line":26,"column":30}},"type":"binary-expr","locations":[{"start":{"line":26,"column":12},"end":{"line":26,"column":20}},{"start":{"line":26,"column":22},"end":{"line":26,"column":30}}],"line":26},"3":{"loc":{"start":{"line":57,"column":4},"end":{"line":57,"column":50}},"type":"if","locations":[{"start":{"line":57,"column":4},"end":{"line":57,"column":50}},{"start":{},"end":{}}],"line":57}},"s":{"0":2,"1":2,"2":2,"3":1,"4":1,"5":1,"6":1,"7":0,"8":2,"9":0,"10":0,"11":0,"12":0,"13":0,"14":0,"15":0,"16":0,"17":0,"18":0,"19":0,"20":2,"21":0,"22":0,"23":2,"24":0,"25":0,"26":2,"27":0,"28":0,"29":0,"30":0,"31":0,"32":0,"33":0,"34":2,"35":0,"36":0,"37":0,"38":0,"39":0,"40":0,"41":2,"42":0,"43":0,"44":0,"45":0,"46":2,"47":0,"48":0,"49":0,"50":0,"51":0,"52":0,"53":2,"54":2},"f":{"0":1,"1":0,"2":0,"3":0,"4":0,"5":0,"6":0,"7":0},"b":{"0":[0,0],"1":[0,0],"2":[0,0],"3":[0,0]},"_coverageSchema":"1a1c01bbd47fc00a2c39e90264f33305004495a9","hash":"4fbe0299b62a5b91e771c33722bac9e8f93186fa"}
,"D:\\FinalKey\\NodeJS\\ECOMM\\middleware\\ErrorHandler.js": {"path":"D:\\FinalKey\\NodeJS\\ECOMM\\middleware\\ErrorHandler.js","statementMap":{"0":{"start":{"line":1,"column":9},"end":{"line":1,"column":24}},"1":{"start":{"line":2,"column":19},"end":{"line":16,"column":1}},"2":{"start":{"line":4,"column":4},"end":{"line":4,"column":45}},"3":{"start":{"line":5,"column":20},"end":{"line":5,"column":39}},"4":{"start":{"line":6,"column":17},"end":{"line":6,"column":52}},"5":{"start":{"line":14,"column":4},"end":{"line":14,"column":65}},"6":{"start":{"line":15,"column":4},"end":{"line":15,"column":14}},"7":{"start":{"line":18,"column":0},"end":{"line":18,"column":28}}},"fnMap":{"0":{"name":"(anonymous_0)","decl":{"start":{"line":2,"column":19},"end":{"line":2,"column":20}},"loc":{"start":{"line":3,"column":0},"end":{"line":16,"column":1}},"line":3}},"branchMap":{"0":{"loc":{"start":{"line":5,"column":20},"end":{"line":5,"column":39}},"type":"binary-expr","locations":[{"start":{"line":5,"column":20},"end":{"line":5,"column":34}},{"start":{"line":5,"column":36},"end":{"line":5,"column":39}}],"line":5},"1":{"loc":{"start":{"line":6,"column":17},"end":{"line":6,"column":52}},"type":"binary-expr","locations":[{"start":{"line":6,"column":17},"end":{"line":6,"column":28}},{"start":{"line":6,"column":30},"end":{"line":6,"column":52}}],"line":6}},"s":{"0":1,"1":1,"2":0,"3":0,"4":0,"5":0,"6":0,"7":1},"f":{"0":0},"b":{"0":[0,0],"1":[0,0]},"_coverageSchema":"1a1c01bbd47fc00a2c39e90264f33305004495a9","hash":"e4b8a2c54ad1b4580544bb8a1489be7954adf5df"}
,"D:\\FinalKey\\NodeJS\\ECOMM\\middleware\\RequestValidator.js": {"path":"D:\\FinalKey\\NodeJS\\ECOMM\\middleware\\RequestValidator.js","statementMap":{"0":{"start":{"line":1,"column":15},"end":{"line":1,"column":45}},"1":{"start":{"line":2,"column":33},"end":{"line":10,"column":1}},"2":{"start":{"line":4,"column":4},"end":{"line":8,"column":5}},"3":{"start":{"line":6,"column":8},"end":{"line":6,"column":68}},"4":{"start":{"line":7,"column":8},"end":{"line":7,"column":15}},"5":{"start":{"line":9,"column":4},"end":{"line":9,"column":11}},"6":{"start":{"line":11,"column":31},"end":{"line":42,"column":1}},"7":{"start":{"line":13,"column":19},"end":{"line":13,"column":40}},"8":{"start":{"line":14,"column":4},"end":{"line":41,"column":5}},"9":{"start":{"line":16,"column":8},"end":{"line":34,"column":9}},"10":{"start":{"line":18,"column":25},"end":{"line":18,"column":62}},"11":{"start":{"line":19,"column":12},"end":{"line":25,"column":13}},"12":{"start":{"line":21,"column":16},"end":{"line":23,"column":19}},"13":{"start":{"line":24,"column":16},"end":{"line":24,"column":23}},"14":{"start":{"line":26,"column":12},"end":{"line":26,"column":19}},"15":{"start":{"line":30,"column":12},"end":{"line":32,"column":15}},"16":{"start":{"line":33,"column":12},"end":{"line":33,"column":19}},"17":{"start":{"line":38,"column":8},"end":{"line":40,"column":11}},"18":{"start":{"line":43,"column":8},"end":{"line":46,"column":1}},"19":{"start":{"line":47,"column":0},"end":{"line":47,"column":18}}},"fnMap":{"0":{"name":"(anonymous_0)","decl":{"start":{"line":2,"column":33},"end":{"line":2,"column":34}},"loc":{"start":{"line":3,"column":0},"end":{"line":10,"column":1}},"line":3},"1":{"name":"(anonymous_1)","decl":{"start":{"line":11,"column":31},"end":{"line":11,"column":32}},"loc":{"start":{"line":12,"column":0},"end":{"line":42,"column":1}},"line":12}},"branchMap":{"0":{"loc":{"start":{"line":4,"column":4},"end":{"line":8,"column":5}},"type":"if","locations":[{"start":{"line":4,"column":4},"end":{"line":8,"column":5}},{"start":{},"end":{}}],"line":4},"1":{"loc":{"start":{"line":14,"column":4},"end":{"line":41,"column":5}},"type":"if","locations":[{"start":{"line":14,"column":4},"end":{"line":41,"column":5}},{"start":{"line":37,"column":4},"end":{"line":41,"column":5}}],"line":14},"2":{"loc":{"start":{"line":19,"column":12},"end":{"line":25,"column":13}},"type":"if","locations":[{"start":{"line":19,"column":12},"end":{"line":25,"column":13}},{"start":{},"end":{}}],"line":19}},"s":{"0":1,"1":1,"2":0,"3":0,"4":0,"5":0,"6":1,"7":0,"8":0,"9":0,"10":0,"11":0,"12":0,"13":0,"14":0,"15":0,"16":0,"17":0,"18":1,"19":1},"f":{"0":0,"1":0},"b":{"0":[0,0],"1":[0,0],"2":[0,0]},"_coverageSchema":"1a1c01bbd47fc00a2c39e90264f33305004495a9","hash":"69248df9322596c71b693893585ff5ab27f1d4aa"}
,"D:\\FinalKey\\NodeJS\\ECOMM\\middleware\\VerifySignup.js": {"path":"D:\\FinalKey\\NodeJS\\ECOMM\\middleware\\VerifySignup.js","statementMap":{"0":{"start":{"line":1,"column":7},"end":{"line":1,"column":34}},"1":{"start":{"line":2,"column":12},"end":{"line":2,"column":20}},"2":{"start":{"line":3,"column":11},"end":{"line":3,"column":18}},"3":{"start":{"line":4,"column":27},"end":{"line":15,"column":1}},"4":{"start":{"line":6,"column":17},"end":{"line":6,"column":34}},"5":{"start":{"line":7,"column":13},"end":{"line":9,"column":6}},"6":{"start":{"line":10,"column":4},"end":{"line":13,"column":5}},"7":{"start":{"line":11,"column":8},"end":{"line":11,"column":63}},"8":{"start":{"line":12,"column":8},"end":{"line":12,"column":15}},"9":{"start":{"line":14,"column":4},"end":{"line":14,"column":11}},"10":{"start":{"line":16,"column":22},"end":{"line":31,"column":1}},"11":{"start":{"line":17,"column":4},"end":{"line":29,"column":5}},"12":{"start":{"line":19,"column":8},"end":{"line":28,"column":9}},"13":{"start":{"line":19,"column":18},"end":{"line":19,"column":19}},"14":{"start":{"line":21,"column":12},"end":{"line":27,"column":17}},"15":{"start":{"line":23,"column":20},"end":{"line":25,"column":23}},"16":{"start":{"line":26,"column":20},"end":{"line":26,"column":27}},"17":{"start":{"line":30,"column":4},"end":{"line":30,"column":11}},"18":{"start":{"line":32,"column":8},"end":{"line":32,"column":50}},"19":{"start":{"line":33,"column":0},"end":{"line":33,"column":19}}},"fnMap":{"0":{"name":"(anonymous_0)","decl":{"start":{"line":4,"column":27},"end":{"line":4,"column":28}},"loc":{"start":{"line":5,"column":0},"end":{"line":15,"column":1}},"line":5},"1":{"name":"(anonymous_1)","decl":{"start":{"line":16,"column":22},"end":{"line":16,"column":23}},"loc":{"start":{"line":16,"column":38},"end":{"line":31,"column":1}},"line":16}},"branchMap":{"0":{"loc":{"start":{"line":10,"column":4},"end":{"line":13,"column":5}},"type":"if","locations":[{"start":{"line":10,"column":4},"end":{"line":13,"column":5}},{"start":{},"end":{}}],"line":10},"1":{"loc":{"start":{"line":17,"column":4},"end":{"line":29,"column":5}},"type":"if","locations":[{"start":{"line":17,"column":4},"end":{"line":29,"column":5}},{"start":{},"end":{}}],"line":17},"2":{"loc":{"start":{"line":21,"column":12},"end":{"line":27,"column":17}},"type":"if","locations":[{"start":{"line":21,"column":12},"end":{"line":27,"column":17}},{"start":{},"end":{}}],"line":21}},"s":{"0":1,"1":1,"2":1,"3":1,"4":0,"5":0,"6":0,"7":0,"8":0,"9":0,"10":1,"11":0,"12":0,"13":0,"14":0,"15":0,"16":0,"17":0,"18":1,"19":1},"f":{"0":0,"1":0},"b":{"0":[0,0],"1":[0,0],"2":[0,0]},"_coverageSchema":"1a1c01bbd47fc00a2c39e90264f33305004495a9","hash":"da5d64120e68b7279ab2c647846c7ec8f5aabbfa"}
,"D:\\FinalKey\\NodeJS\\ECOMM\\middleware\\authJwt.js": {"path":"D:\\FinalKey\\NodeJS\\ECOMM\\middleware\\authJwt.js","statementMap":{"0":{"start":{"line":1,"column":10},"end":{"line":1,"column":33}},"1":{"start":{"line":2,"column":13},"end":{"line":2,"column":47}},"2":{"start":{"line":3,"column":18},"end":{"line":23,"column":1}},"3":{"start":{"line":4,"column":14},"end":{"line":4,"column":43}},"4":{"start":{"line":5,"column":4},"end":{"line":12,"column":5}},"5":{"start":{"line":8,"column":8},"end":{"line":10,"column":11}},"6":{"start":{"line":11,"column":8},"end":{"line":11,"column":15}},"7":{"start":{"line":13,"column":4},"end":{"line":22,"column":7}},"8":{"start":{"line":14,"column":8},"end":{"line":18,"column":9}},"9":{"start":{"line":15,"column":12},"end":{"line":17,"column":15}},"10":{"start":{"line":20,"column":8},"end":{"line":20,"column":30}},"11":{"start":{"line":21,"column":8},"end":{"line":21,"column":15}},"12":{"start":{"line":24,"column":0},"end":{"line":26,"column":2}}},"fnMap":{"0":{"name":"(anonymous_0)","decl":{"start":{"line":3,"column":18},"end":{"line":3,"column":19}},"loc":{"start":{"line":3,"column":34},"end":{"line":23,"column":1}},"line":3},"1":{"name":"(anonymous_1)","decl":{"start":{"line":13,"column":35},"end":{"line":13,"column":36}},"loc":{"start":{"line":13,"column":50},"end":{"line":22,"column":5}},"line":13}},"branchMap":{"0":{"loc":{"start":{"line":5,"column":4},"end":{"line":12,"column":5}},"type":"if","locations":[{"start":{"line":5,"column":4},"end":{"line":12,"column":5}},{"start":{},"end":{}}],"line":5},"1":{"loc":{"start":{"line":14,"column":8},"end":{"line":18,"column":9}},"type":"if","locations":[{"start":{"line":14,"column":8},"end":{"line":18,"column":9}},{"start":{},"end":{}}],"line":14}},"s":{"0":1,"1":1,"2":1,"3":1,"4":1,"5":1,"6":1,"7":0,"8":0,"9":0,"10":0,"11":0,"12":1},"f":{"0":1,"1":0},"b":{"0":[1,0],"1":[0,0]},"_coverageSchema":"1a1c01bbd47fc00a2c39e90264f33305004495a9","hash":"55b9faefbb354cfb92ba6bf000157fff0bd87abc"}
,"D:\\FinalKey\\NodeJS\\ECOMM\\model\\cart.js": {"path":"D:\\FinalKey\\NodeJS\\ECOMM\\model\\cart.js","statementMap":{"0":{"start":{"line":1,"column":0},"end":{"line":17,"column":2}},"1":{"start":{"line":2,"column":13},"end":{"line":15,"column":6}},"2":{"start":{"line":16,"column":4},"end":{"line":16,"column":16}}},"fnMap":{"0":{"name":"(anonymous_0)","decl":{"start":{"line":1,"column":15},"end":{"line":1,"column":16}},"loc":{"start":{"line":1,"column":41},"end":{"line":17,"column":1}},"line":1}},"branchMap":{},"s":{"0":3,"1":3,"2":3},"f":{"0":3},"b":{},"_coverageSchema":"1a1c01bbd47fc00a2c39e90264f33305004495a9","hash":"c58082f3909a4ed2a2eb7a34f3e93908461139ba"}
,"D:\\FinalKey\\NodeJS\\ECOMM\\model\\category.js": {"path":"D:\\FinalKey\\NodeJS\\ECOMM\\model\\category.js","statementMap":{"0":{"start":{"line":1,"column":0},"end":{"line":20,"column":2}},"1":{"start":{"line":2,"column":17},"end":{"line":18,"column":6}},"2":{"start":{"line":19,"column":4},"end":{"line":19,"column":20}}},"fnMap":{"0":{"name":"(anonymous_0)","decl":{"start":{"line":1,"column":15},"end":{"line":1,"column":16}},"loc":{"start":{"line":1,"column":41},"end":{"line":20,"column":1}},"line":1}},"branchMap":{},"s":{"0":3,"1":3,"2":3},"f":{"0":3},"b":{},"_coverageSchema":"1a1c01bbd47fc00a2c39e90264f33305004495a9","hash":"1996d2ed28de3ca9255a9aae647620fb6a8632de"}
,"D:\\FinalKey\\NodeJS\\ECOMM\\model\\index.js": {"path":"D:\\FinalKey\\NodeJS\\ECOMM\\model\\index.js","statementMap":{"0":{"start":{"line":1,"column":14},"end":{"line":1,"column":34}},"1":{"start":{"line":3,"column":10},"end":{"line":3,"column":45}},"2":{"start":{"line":4,"column":15},"end":{"line":4,"column":52}},"3":{"start":{"line":5,"column":7},"end":{"line":5,"column":9}},"4":{"start":{"line":6,"column":0},"end":{"line":15,"column":7}},"5":{"start":{"line":16,"column":0},"end":{"line":16,"column":23}},"6":{"start":{"line":17,"column":0},"end":{"line":17,"column":53}},"7":{"start":{"line":18,"column":0},"end":{"line":18,"column":51}},"8":{"start":{"line":19,"column":0},"end":{"line":19,"column":57}},"9":{"start":{"line":20,"column":0},"end":{"line":20,"column":51}},"10":{"start":{"line":21,"column":0},"end":{"line":21,"column":61}},"11":{"start":{"line":22,"column":0},"end":{"line":26,"column":2}},"12":{"start":{"line":27,"column":0},"end":{"line":31,"column":3}},"13":{"start":{"line":32,"column":0},"end":{"line":36,"column":3}},"14":{"start":{"line":37,"column":0},"end":{"line":41,"column":3}},"15":{"start":{"line":42,"column":0},"end":{"line":42,"column":26}},"16":{"start":{"line":43,"column":0},"end":{"line":43,"column":18}}},"fnMap":{},"branchMap":{"0":{"loc":{"start":{"line":3,"column":10},"end":{"line":3,"column":45}},"type":"binary-expr","locations":[{"start":{"line":3,"column":10},"end":{"line":3,"column":30}},{"start":{"line":3,"column":32},"end":{"line":3,"column":45}}],"line":3}},"s":{"0":3,"1":3,"2":3,"3":3,"4":3,"5":3,"6":3,"7":3,"8":3,"9":3,"10":3,"11":3,"12":3,"13":3,"14":3,"15":3,"16":3},"f":{},"b":{"0":[3,0]},"_coverageSchema":"1a1c01bbd47fc00a2c39e90264f33305004495a9","hash":"22273b6fbed3c5457cd0bb68cd0b98abda08a7c6"}
,"D:\\FinalKey\\NodeJS\\ECOMM\\model\\product.js": {"path":"D:\\FinalKey\\NodeJS\\ECOMM\\model\\product.js","statementMap":{"0":{"start":{"line":2,"column":0},"end":{"line":34,"column":2}},"1":{"start":{"line":3,"column":16},"end":{"line":32,"column":6}},"2":{"start":{"line":33,"column":4},"end":{"line":33,"column":19}}},"fnMap":{"0":{"name":"(anonymous_0)","decl":{"start":{"line":2,"column":15},"end":{"line":2,"column":16}},"loc":{"start":{"line":2,"column":41},"end":{"line":34,"column":1}},"line":2}},"branchMap":{},"s":{"0":3,"1":3,"2":3},"f":{"0":3},"b":{},"_coverageSchema":"1a1c01bbd47fc00a2c39e90264f33305004495a9","hash":"b8caef62d59802039d51cbdde9884efd4293afc2"}
,"D:\\FinalKey\\NodeJS\\ECOMM\\model\\roles.js": {"path":"D:\\FinalKey\\NodeJS\\ECOMM\\model\\roles.js","statementMap":{"0":{"start":{"line":1,"column":0},"end":{"line":20,"column":2}},"1":{"start":{"line":2,"column":15},"end":{"line":18,"column":6}},"2":{"start":{"line":19,"column":4},"end":{"line":19,"column":16}}},"fnMap":{"0":{"name":"(anonymous_0)","decl":{"start":{"line":1,"column":15},"end":{"line":1,"column":16}},"loc":{"start":{"line":1,"column":41},"end":{"line":20,"column":1}},"line":1}},"branchMap":{},"s":{"0":3,"1":3,"2":3},"f":{"0":3},"b":{},"_coverageSchema":"1a1c01bbd47fc00a2c39e90264f33305004495a9","hash":"61476c1300d9b5f40ee229522b1444b2a0a6adb6"}
,"D:\\FinalKey\\NodeJS\\ECOMM\\model\\user.js": {"path":"D:\\FinalKey\\NodeJS\\ECOMM\\model\\user.js","statementMap":{"0":{"start":{"line":1,"column":0},"end":{"line":8,"column":2}},"1":{"start":{"line":2,"column":15},"end":{"line":6,"column":6}},"2":{"start":{"line":7,"column":4},"end":{"line":7,"column":16}}},"fnMap":{"0":{"name":"(anonymous_0)","decl":{"start":{"line":1,"column":15},"end":{"line":1,"column":16}},"loc":{"start":{"line":1,"column":41},"end":{"line":8,"column":1}},"line":1}},"branchMap":{},"s":{"0":3,"1":3,"2":3},"f":{"0":3},"b":{},"_coverageSchema":"1a1c01bbd47fc00a2c39e90264f33305004495a9","hash":"78f7912f449bf50774fec7344b9bd431147ee357"}
,"D:\\FinalKey\\NodeJS\\ECOMM\\routes\\auth.routes.js": {"path":"D:\\FinalKey\\NodeJS\\ECOMM\\routes\\auth.routes.js","statementMap":{"0":{"start":{"line":1,"column":17},"end":{"line":1,"column":59}},"1":{"start":{"line":2,"column":14},"end":{"line":2,"column":32}},"2":{"start":{"line":3,"column":17},"end":{"line":3,"column":26}},"3":{"start":{"line":4,"column":13},"end":{"line":4,"column":29}},"4":{"start":{"line":5,"column":19},"end":{"line":5,"column":58}},"5":{"start":{"line":8,"column":0},"end":{"line":14,"column":3}},"6":{"start":{"line":9,"column":4},"end":{"line":12,"column":5}},"7":{"start":{"line":13,"column":4},"end":{"line":13,"column":11}},"8":{"start":{"line":15,"column":0},"end":{"line":17,"column":19}},"9":{"start":{"line":18,"column":0},"end":{"line":18,"column":41}},"10":{"start":{"line":20,"column":0},"end":{"line":20,"column":22}}},"fnMap":{"0":{"name":"(anonymous_0)","decl":{"start":{"line":8,"column":15},"end":{"line":8,"column":16}},"loc":{"start":{"line":8,"column":38},"end":{"line":14,"column":1}},"line":8}},"branchMap":{},"s":{"0":1,"1":1,"2":1,"3":1,"4":1,"5":1,"6":0,"7":0,"8":1,"9":1,"10":1},"f":{"0":0},"b":{},"_coverageSchema":"1a1c01bbd47fc00a2c39e90264f33305004495a9","hash":"e3f1bf4899debf308055caee4c172222729e583d"}
,"D:\\FinalKey\\NodeJS\\ECOMM\\routes\\cart.routes.js": {"path":"D:\\FinalKey\\NodeJS\\ECOMM\\routes\\cart.routes.js","statementMap":{"0":{"start":{"line":1,"column":12},"end":{"line":1,"column":30}},"1":{"start":{"line":2,"column":15},"end":{"line":2,"column":31}},"2":{"start":{"line":3,"column":19},"end":{"line":3,"column":61}},"3":{"start":{"line":4,"column":12},"end":{"line":4,"column":46}},"4":{"start":{"line":5,"column":0},"end":{"line":5,"column":72}},"5":{"start":{"line":6,"column":0},"end":{"line":6,"column":75}},"6":{"start":{"line":7,"column":0},"end":{"line":7,"column":69}},"7":{"start":{"line":8,"column":0},"end":{"line":8,"column":26}}},"fnMap":{},"branchMap":{},"s":{"0":1,"1":1,"2":1,"3":1,"4":1,"5":1,"6":1,"7":1},"f":{},"b":{},"_coverageSchema":"1a1c01bbd47fc00a2c39e90264f33305004495a9","hash":"13039c8d79444d994788fef71c548feb1980e8b7"}
,"D:\\FinalKey\\NodeJS\\ECOMM\\routes\\categories.route.js": {"path":"D:\\FinalKey\\NodeJS\\ECOMM\\routes\\categories.route.js","statementMap":{"0":{"start":{"line":1,"column":12},"end":{"line":1,"column":30}},"1":{"start":{"line":2,"column":19},"end":{"line":2,"column":35}},"2":{"start":{"line":3,"column":23},"end":{"line":3,"column":69}},"3":{"start":{"line":4,"column":21},"end":{"line":4,"column":64}},"4":{"start":{"line":5,"column":0},"end":{"line":5,"column":60}},"5":{"start":{"line":7,"column":0},"end":{"line":9,"column":37}},"6":{"start":{"line":11,"column":0},"end":{"line":13,"column":36}},"7":{"start":{"line":15,"column":0},"end":{"line":17,"column":40}},"8":{"start":{"line":19,"column":0},"end":{"line":21,"column":40}},"9":{"start":{"line":23,"column":0},"end":{"line":23,"column":29}}},"fnMap":{},"branchMap":{},"s":{"0":1,"1":1,"2":1,"3":1,"4":1,"5":1,"6":1,"7":1,"8":1,"9":1},"f":{},"b":{},"_coverageSchema":"1a1c01bbd47fc00a2c39e90264f33305004495a9","hash":"031e6e2c82f3a702e4ee231f6b8f121173a38bee"}
,"D:\\FinalKey\\NodeJS\\ECOMM\\routes\\index.js": {"path":"D:\\FinalKey\\NodeJS\\ECOMM\\routes\\index.js","statementMap":{"0":{"start":{"line":1,"column":12},"end":{"line":1,"column":30}},"1":{"start":{"line":2,"column":11},"end":{"line":2,"column":27}},"2":{"start":{"line":3,"column":19},"end":{"line":3,"column":48}},"3":{"start":{"line":4,"column":18},"end":{"line":4,"column":46}},"4":{"start":{"line":5,"column":15},"end":{"line":5,"column":39}},"5":{"start":{"line":6,"column":15},"end":{"line":6,"column":39}},"6":{"start":{"line":7,"column":0},"end":{"line":10,"column":3}},"7":{"start":{"line":8,"column":4},"end":{"line":8,"column":39}},"8":{"start":{"line":9,"column":4},"end":{"line":9,"column":14}},"9":{"start":{"line":13,"column":0},"end":{"line":13,"column":41}},"10":{"start":{"line":14,"column":0},"end":{"line":14,"column":38}},"11":{"start":{"line":15,"column":0},"end":{"line":15,"column":31}},"12":{"start":{"line":16,"column":0},"end":{"line":16,"column":31}},"13":{"start":{"line":18,"column":0},"end":{"line":18,"column":22}}},"fnMap":{"0":{"name":"(anonymous_0)","decl":{"start":{"line":7,"column":15},"end":{"line":7,"column":16}},"loc":{"start":{"line":7,"column":31},"end":{"line":10,"column":1}},"line":7}},"branchMap":{},"s":{"0":1,"1":1,"2":1,"3":1,"4":1,"5":1,"6":1,"7":0,"8":0,"9":1,"10":1,"11":1,"12":1,"13":1},"f":{"0":0},"b":{},"_coverageSchema":"1a1c01bbd47fc00a2c39e90264f33305004495a9","hash":"201d08644e1a72895fac06d6da102c14d03a434a"}
,"D:\\FinalKey\\NodeJS\\ECOMM\\routes\\products.routes.js": {"path":"D:\\FinalKey\\NodeJS\\ECOMM\\routes\\products.routes.js","statementMap":{"0":{"start":{"line":1,"column":12},"end":{"line":1,"column":30}},"1":{"start":{"line":2,"column":18},"end":{"line":2,"column":34}},"2":{"start":{"line":3,"column":12},"end":{"line":3,"column":46}},"3":{"start":{"line":4,"column":22},"end":{"line":4,"column":67}},"4":{"start":{"line":5,"column":0},"end":{"line":5,"column":78}},"5":{"start":{"line":6,"column":0},"end":{"line":6,"column":66}},"6":{"start":{"line":7,"column":0},"end":{"line":7,"column":56}},"7":{"start":{"line":8,"column":0},"end":{"line":8,"column":71}},"8":{"start":{"line":9,"column":0},"end":{"line":9,"column":69}},"9":{"start":{"line":10,"column":0},"end":{"line":10,"column":28}}},"fnMap":{},"branchMap":{},"s":{"0":1,"1":1,"2":1,"3":1,"4":1,"5":1,"6":1,"7":1,"8":1,"9":1},"f":{},"b":{},"_coverageSchema":"1a1c01bbd47fc00a2c39e90264f33305004495a9","hash":"7ebd242806726954967a8fd06932ecadcf90a05e"}
,"D:\\FinalKey\\NodeJS\\ECOMM\\test\\unit\\interceptor.js": {"path":"D:\\FinalKey\\NodeJS\\ECOMM\\test\\unit\\interceptor.js","statementMap":{"0":{"start":{"line":1,"column":0},"end":{"line":20,"column":2}},"1":{"start":{"line":4,"column":16},"end":{"line":4,"column":18}},"2":{"start":{"line":5,"column":8},"end":{"line":5,"column":48}},"3":{"start":{"line":6,"column":8},"end":{"line":6,"column":50}},"4":{"start":{"line":7,"column":8},"end":{"line":7,"column":49}},"5":{"start":{"line":8,"column":8},"end":{"line":8,"column":19}},"6":{"start":{"line":12,"column":16},"end":{"line":12,"column":18}},"7":{"start":{"line":13,"column":8},"end":{"line":13,"column":48}},"8":{"start":{"line":14,"column":8},"end":{"line":14,"column":48}},"9":{"start":{"line":15,"column":8},"end":{"line":15,"column":50}},"10":{"start":{"line":16,"column":8},"end":{"line":16,"column":49}},"11":{"start":{"line":17,"column":8},"end":{"line":17,"column":47}},"12":{"start":{"line":18,"column":8},"end":{"line":18,"column":19}}},"fnMap":{"0":{"name":"(anonymous_0)","decl":{"start":{"line":2,"column":16},"end":{"line":2,"column":17}},"loc":{"start":{"line":3,"column":4},"end":{"line":9,"column":5}},"line":3},"1":{"name":"(anonymous_1)","decl":{"start":{"line":10,"column":17},"end":{"line":10,"column":18}},"loc":{"start":{"line":11,"column":4},"end":{"line":19,"column":5}},"line":11}},"branchMap":{},"s":{"0":2,"1":2,"2":2,"3":2,"4":2,"5":2,"6":2,"7":2,"8":2,"9":2,"10":2,"11":2,"12":2},"f":{"0":2,"1":2},"b":{},"_coverageSchema":"1a1c01bbd47fc00a2c39e90264f33305004495a9","hash":"abefa2eba6272b33e3fe8429910d066cef6de389"}
}
